# JRE version: OpenJDK Runtime Environment (8.0_152-b01) (build 1.8.0_152-release-1024-b01)
# Java VM: OpenJDK 64-Bit Server VM (25.152-b01 mixed mode linux-amd64 compressed oops)
Heap:
 PSYoungGen      total 166912K, used 105166K [0x00000000e0000000, 0x00000000eb200000, 0x0000000100000000)
  eden space 154624K, 60% used [0x00000000e0000000,0x00000000e5bf9a90,0x00000000e9700000)
  from space 12288K, 89% used [0x00000000ea600000,0x00000000eb0b9f20,0x00000000eb200000)
  to   space 13824K, 99% used [0x00000000e9700000,0x00000000ea47f278,0x00000000ea480000)
 ParOldGen       total 146944K, used 117758K [0x00000000a0000000, 0x00000000a8f80000, 0x00000000e0000000)
  object space 146944K, 80% used [0x00000000a0000000,0x00000000a72ffb78,0x00000000a8f80000)
 Metaspace       used 57211K, capacity 58862K, committed 58968K, reserved 1099776K
  class space    used 7830K, capacity 8280K, committed 8320K, reserved 1048576K
GC Heap History (10 events):
Event: 20.159 GC heap after
Heap after GC invocations=10 (full 1):
 PSYoungGen      total 131584K, used 8701K [0x00000000e0000000, 0x00000000e9280000, 0x0000000100000000)
  eden space 122880K, 0% used [0x00000000e0000000,0x00000000e0000000,0x00000000e7800000)
  from space 8704K, 99% used [0x00000000e7800000,0x00000000e807f4a0,0x00000000e8080000)
  to   space 11776K, 0% used [0x00000000e8700000,0x00000000e8700000,0x00000000e9280000)
 ParOldGen       total 37888K, used 16187K [0x00000000a0000000, 0x00000000a2500000, 0x00000000e0000000)
  object space 37888K, 42% used [0x00000000a0000000,0x00000000a0fcec08,0x00000000a2500000)
 Metaspace       used 34683K, capacity 35258K, committed 35416K, reserved 1079296K
  class space    used 4784K, capacity 4971K, committed 4992K, reserved 1048576K
}
Event: 20.159 GC heap before
{Heap before GC invocations=11 (full 2):
 PSYoungGen      total 131584K, used 8701K [0x00000000e0000000, 0x00000000e9280000, 0x0000000100000000)
  eden space 122880K, 0% used [0x00000000e0000000,0x00000000e0000000,0x00000000e7800000)
  from space 8704K, 99% used [0x00000000e7800000,0x00000000e807f4a0,0x00000000e8080000)
  to   space 11776K, 0% used [0x00000000e8700000,0x00000000e8700000,0x00000000e9280000)
 ParOldGen       total 37888K, used 16187K [0x00000000a0000000, 0x00000000a2500000, 0x00000000e0000000)
  object space 37888K, 42% used [0x00000000a0000000,0x00000000a0fcec08,0x00000000a2500000)
 Metaspace       used 34683K, capacity 35258K, committed 35416K, reserved 1079296K
  class space    used 4784K, capacity 4971K, committed 4992K, reserved 1048576K
Event: 20.347 GC heap after
Heap after GC invocations=11 (full 2):
 PSYoungGen      total 131584K, used 0K [0x00000000e0000000, 0x00000000e9280000, 0x0000000100000000)
  eden space 122880K, 0% used [0x00000000e0000000,0x00000000e0000000,0x00000000e7800000)
  from space 8704K, 0% used [0x00000000e7800000,0x00000000e7800000,0x00000000e8080000)
  to   space 11776K, 0% used [0x00000000e8700000,0x00000000e8700000,0x00000000e9280000)
 ParOldGen       total 57344K, used 19151K [0x00000000a0000000, 0x00000000a3800000, 0x00000000e0000000)
  object space 57344K, 33% used [0x00000000a0000000,0x00000000a12b3c58,0x00000000a3800000)
 Metaspace       used 34683K, capacity 35258K, committed 35416K, reserved 1079296K
  class space    used 4784K, capacity 4971K, committed 4992K, reserved 1048576K
}
Event: 27.302 GC heap before
{Heap before GC invocations=12 (full 2):
 PSYoungGen      total 131584K, used 122880K [0x00000000e0000000, 0x00000000e9280000, 0x0000000100000000)
  eden space 122880K, 100% used [0x00000000e0000000,0x00000000e7800000,0x00000000e7800000)
  from space 8704K, 0% used [0x00000000e7800000,0x00000000e7800000,0x00000000e8080000)
  to   space 11776K, 0% used [0x00000000e8700000,0x00000000e8700000,0x00000000e9280000)
 ParOldGen       total 57344K, used 19151K [0x00000000a0000000, 0x00000000a3800000, 0x00000000e0000000)
  object space 57344K, 33% used [0x00000000a0000000,0x00000000a12b3c58,0x00000000a3800000)
 Metaspace       used 41072K, capacity 41932K, committed 42072K, reserved 1085440K
  class space    used 5628K, capacity 5911K, committed 6016K, reserved 1048576K
Event: 27.346 GC heap after
Heap after GC invocations=12 (full 2):
 PSYoungGen      total 136704K, used 11756K [0x00000000e0000000, 0x00000000eb400000, 0x0000000100000000)
  eden space 124928K, 0% used [0x00000000e0000000,0x00000000e0000000,0x00000000e7a00000)
  from space 11776K, 99% used [0x00000000e8700000,0x00000000e927b380,0x00000000e9280000)
  to   space 13312K, 0% used [0x00000000e7a00000,0x00000000e7a00000,0x00000000e8700000)
 ParOldGen       total 57344K, used 19180K [0x00000000a0000000, 0x00000000a3800000, 0x00000000e0000000)
  object space 57344K, 33% used [0x00000000a0000000,0x00000000a12bb0b8,0x00000000a3800000)
 Metaspace       used 41072K, capacity 41932K, committed 42072K, reserved 1085440K
  class space    used 5628K, capacity 5911K, committed 6016K, reserved 1048576K
}
Event: 33.108 GC heap before
{Heap before GC invocations=13 (full 2):
 PSYoungGen      total 136704K, used 136684K [0x00000000e0000000, 0x00000000eb400000, 0x0000000100000000)
  eden space 124928K, 100% used [0x00000000e0000000,0x00000000e7a00000,0x00000000e7a00000)
  from space 11776K, 99% used [0x00000000e8700000,0x00000000e927b380,0x00000000e9280000)
  to   space 13312K, 0% used [0x00000000e7a00000,0x00000000e7a00000,0x00000000e8700000)
 ParOldGen       total 57344K, used 19180K [0x00000000a0000000, 0x00000000a3800000, 0x00000000e0000000)
  object space 57344K, 33% used [0x00000000a0000000,0x00000000a12bb0b8,0x00000000a3800000)
 Metaspace       used 46193K, capacity 47182K, committed 47320K, reserved 1089536K
  class space    used 6279K, capacity 6586K, committed 6656K, reserved 1048576K
Event: 33.137 GC heap after
Heap after GC invocations=13 (full 2):
 PSYoungGen      total 138240K, used 4874K [0x00000000e0000000, 0x00000000eb280000, 0x0000000100000000)
  eden space 124928K, 0% used [0x00000000e0000000,0x00000000e0000000,0x00000000e7a00000)
  from space 13312K, 36% used [0x00000000e7a00000,0x00000000e7ec2b18,0x00000000e8700000)
  to   space 12800K, 0% used [0x00000000ea600000,0x00000000ea600000,0x00000000eb280000)
 ParOldGen       total 57344K, used 26708K [0x00000000a0000000, 0x00000000a3800000, 0x00000000e0000000)
  object space 57344K, 46% used [0x00000000a0000000,0x00000000a1a15200,0x00000000a3800000)
 Metaspace       used 46193K, capacity 47182K, committed 47320K, reserved 1089536K
  class space    used 6279K, capacity 6586K, committed 6656K, reserved 1048576K
}
Event: 38.030 GC heap before
{Heap before GC invocations=14 (full 2):
 PSYoungGen      total 138240K, used 129802K [0x00000000e0000000, 0x00000000eb280000, 0x0000000100000000)
  eden space 124928K, 100% used [0x00000000e0000000,0x00000000e7a00000,0x00000000e7a00000)
  from space 13312K, 36% used [0x00000000e7a00000,0x00000000e7ec2b18,0x00000000e8700000)
  to   space 12800K, 0% used [0x00000000ea600000,0x00000000ea600000,0x00000000eb280000)
 ParOldGen       total 57344K, used 26708K [0x00000000a0000000, 0x00000000a3800000, 0x00000000e0000000)
  object space 57344K, 46% used [0x00000000a0000000,0x00000000a1a15200,0x00000000a3800000)
 Metaspace       used 52568K, capacity 54212K, committed 54488K, reserved 1095680K
  class space    used 7238K, capacity 7616K, committed 7680K, reserved 1048576K
Event: 38.060 GC heap after
Heap after GC invocations=14 (full 2):
 PSYoungGen      total 166912K, used 10983K [0x00000000e0000000, 0x00000000eb200000, 0x0000000100000000)
  eden space 154624K, 0% used [0x00000000e0000000,0x00000000e0000000,0x00000000e9700000)
  from space 12288K, 89% used [0x00000000ea600000,0x00000000eb0b9f20,0x00000000eb200000)
  to   space 13824K, 0% used [0x00000000e9700000,0x00000000e9700000,0x00000000ea480000)
 ParOldGen       total 57344K, used 26716K [0x00000000a0000000, 0x00000000a3800000, 0x00000000e0000000)
  object space 57344K, 46% used [0x00000000a0000000,0x00000000a1a17200,0x00000000a3800000)
 Metaspace       used 52568K, capacity 54212K, committed 54488K, reserved 1095680K
  class space    used 7238K, capacity 7616K, committed 7680K, reserved 1048576K
}
Event: 48.621 GC heap before
{Heap before GC invocations=15 (full 2):
 PSYoungGen      total 166912K, used 105166K [0x00000000e0000000, 0x00000000eb200000, 0x0000000100000000)
  eden space 154624K, 60% used [0x00000000e0000000,0x00000000e5bf9a90,0x00000000e9700000)
  from space 12288K, 89% used [0x00000000ea600000,0x00000000eb0b9f20,0x00000000eb200000)
  to   space 13824K, 0% used [0x00000000e9700000,0x00000000e9700000,0x00000000ea480000)
 ParOldGen       total 57344K, used 26716K [0x00000000a0000000, 0x00000000a3800000, 0x00000000e0000000)
  object space 57344K, 46% used [0x00000000a0000000,0x00000000a1a17200,0x00000000a3800000)
 Metaspace       used 57211K, capacity 58862K, committed 58968K, reserved 1099776K
  class space    used 7830K, capacity 8280K, committed 8320K, reserved 1048576K

