# JRE version: OpenJDK Runtime Environment (8.0_152-b01) (build 1.8.0_152-release-1024-b01)
# Java VM: OpenJDK 64-Bit Server VM (25.152-b01 mixed mode linux-amd64 compressed oops)
Heap:
 PSYoungGen      total 418816K, used 377642K [0x00000000e0000000, 0x0000000100000000, 0x0000000100000000)
  eden space 318464K, 100% used [0x00000000e0000000,0x00000000f3700000,0x00000000f3700000)
  from space 100352K, 58% used [0x00000000f9e00000,0x00000000fd7caa18,0x0000000100000000)
  to   space 102912K, 15% used [0x00000000f3700000,0x00000000f46fcca0,0x00000000f9b80000)
 ParOldGen       total 164352K, used 60240K [0x00000000a0000000, 0x00000000aa080000, 0x00000000e0000000)
  object space 164352K, 36% used [0x00000000a0000000,0x00000000a3ad42c8,0x00000000aa080000)
 Metaspace       used 94602K, capacity 100110K, committed 102656K, reserved 1138688K
  class space    used 11664K, capacity 12675K, committed 13312K, reserved 1048576K
GC Heap History (10 events):
Event: 5596.426 GC heap after
Heap after GC invocations=53 (full 4):
 PSYoungGen      total 456192K, used 68091K [0x00000000e0000000, 0x0000000100000000, 0x0000000100000000)
  eden space 388096K, 0% used [0x00000000e0000000,0x00000000e0000000,0x00000000f7b00000)
  from space 68096K, 99% used [0x00000000f7b00000,0x00000000fbd7ef40,0x00000000fbd80000)
  to   space 68096K, 0% used [0x00000000fbd80000,0x00000000fbd80000,0x0000000100000000)
 ParOldGen       total 139776K, used 108603K [0x00000000a0000000, 0x00000000a8880000, 0x00000000e0000000)
  object space 139776K, 77% used [0x00000000a0000000,0x00000000a6a0ec40,0x00000000a8880000)
 Metaspace       used 95988K, capacity 102272K, committed 102400K, reserved 1138688K
  class space    used 11987K, capacity 13197K, committed 13312K, reserved 1048576K
}
Event: 7411.203 GC heap before
{Heap before GC invocations=54 (full 4):
 PSYoungGen      total 456192K, used 456187K [0x00000000e0000000, 0x0000000100000000, 0x0000000100000000)
  eden space 388096K, 100% used [0x00000000e0000000,0x00000000f7b00000,0x00000000f7b00000)
  from space 68096K, 99% used [0x00000000f7b00000,0x00000000fbd7ef40,0x00000000fbd80000)
  to   space 68096K, 0% used [0x00000000fbd80000,0x00000000fbd80000,0x0000000100000000)
 ParOldGen       total 139776K, used 108603K [0x00000000a0000000, 0x00000000a8880000, 0x00000000e0000000)
  object space 139776K, 77% used [0x00000000a0000000,0x00000000a6a0ec40,0x00000000a8880000)
 Metaspace       used 96068K, capacity 102410K, committed 102656K, reserved 1138688K
  class space    used 11989K, capacity 13198K, committed 13312K, reserved 1048576K
Event: 7456.789 GC heap after
Heap after GC invocations=54 (full 4):
 PSYoungGen      total 386560K, used 68083K [0x00000000e0000000, 0x0000000100000000, 0x0000000100000000)
  eden space 318464K, 0% used [0x00000000e0000000,0x00000000e0000000,0x00000000f3700000)
  from space 68096K, 99% used [0x00000000fbd80000,0x00000000ffffcf68,0x0000000100000000)
  to   space 102912K, 0% used [0x00000000f3700000,0x00000000f3700000,0x00000000f9b80000)
 ParOldGen       total 139776K, used 125663K [0x00000000a0000000, 0x00000000a8880000, 0x00000000e0000000)
  object space 139776K, 89% used [0x00000000a0000000,0x00000000a7ab7ea0,0x00000000a8880000)
 Metaspace       used 96068K, capacity 102410K, committed 102656K, reserved 1138688K
  class space    used 11989K, capacity 13198K, committed 13312K, reserved 1048576K
}
Event: 7456.789 GC heap before
{Heap before GC invocations=55 (full 5):
 PSYoungGen      total 386560K, used 68083K [0x00000000e0000000, 0x0000000100000000, 0x0000000100000000)
  eden space 318464K, 0% used [0x00000000e0000000,0x00000000e0000000,0x00000000f3700000)
  from space 68096K, 99% used [0x00000000fbd80000,0x00000000ffffcf68,0x0000000100000000)
  to   space 102912K, 0% used [0x00000000f3700000,0x00000000f3700000,0x00000000f9b80000)
 ParOldGen       total 139776K, used 125663K [0x00000000a0000000, 0x00000000a8880000, 0x00000000e0000000)
  object space 139776K, 89% used [0x00000000a0000000,0x00000000a7ab7ea0,0x00000000a8880000)
 Metaspace       used 96068K, capacity 102410K, committed 102656K, reserved 1138688K
  class space    used 11989K, capacity 13198K, committed 13312K, reserved 1048576K
Event: 7490.225 GC heap after
Heap after GC invocations=55 (full 5):
 PSYoungGen      total 386560K, used 0K [0x00000000e0000000, 0x0000000100000000, 0x0000000100000000)
  eden space 318464K, 0% used [0x00000000e0000000,0x00000000e0000000,0x00000000f3700000)
  from space 68096K, 0% used [0x00000000fbd80000,0x00000000fbd80000,0x0000000100000000)
  to   space 102912K, 0% used [0x00000000f3700000,0x00000000f3700000,0x00000000f9b80000)
 ParOldGen       total 164352K, used 60216K [0x00000000a0000000, 0x00000000aa080000, 0x00000000e0000000)
  object space 164352K, 36% used [0x00000000a0000000,0x00000000a3ace2c8,0x00000000aa080000)
 Metaspace       used 93925K, capacity 99006K, committed 102656K, reserved 1138688K
  class space    used 11575K, capacity 12513K, committed 13312K, reserved 1048576K
}
Event: 7519.026 GC heap before
{Heap before GC invocations=56 (full 5):
 PSYoungGen      total 386560K, used 317611K [0x00000000e0000000, 0x0000000100000000, 0x0000000100000000)
  eden space 318464K, 99% used [0x00000000e0000000,0x00000000f362ae80,0x00000000f3700000)
  from space 68096K, 0% used [0x00000000fbd80000,0x00000000fbd80000,0x0000000100000000)
  to   space 102912K, 0% used [0x00000000f3700000,0x00000000f3700000,0x00000000f9b80000)
 ParOldGen       total 164352K, used 60216K [0x00000000a0000000, 0x00000000aa080000, 0x00000000e0000000)
  object space 164352K, 36% used [0x00000000a0000000,0x00000000a3ace2c8,0x00000000aa080000)
 Metaspace       used 93999K, capacity 99118K, committed 102656K, reserved 1138688K
  class space    used 11585K, capacity 12531K, committed 13312K, reserved 1048576K
Event: 7519.065 GC heap after
Heap after GC invocations=56 (full 5):
 PSYoungGen      total 421376K, used 14447K [0x00000000e0000000, 0x0000000100000000, 0x0000000100000000)
  eden space 318464K, 0% used [0x00000000e0000000,0x00000000e0000000,0x00000000f3700000)
  from space 102912K, 14% used [0x00000000f3700000,0x00000000f451bf50,0x00000000f9b80000)
  to   space 100352K, 0% used [0x00000000f9e00000,0x00000000f9e00000,0x0000000100000000)
 ParOldGen       total 164352K, used 60224K [0x00000000a0000000, 0x00000000aa080000, 0x00000000e0000000)
  object space 164352K, 36% used [0x00000000a0000000,0x00000000a3ad02c8,0x00000000aa080000)
 Metaspace       used 93999K, capacity 99118K, committed 102656K, reserved 1138688K
  class space    used 11585K, capacity 12531K, committed 13312K, reserved 1048576K
}
Event: 8068.005 GC heap before
{Heap before GC invocations=57 (full 5):
 PSYoungGen      total 421376K, used 332911K [0x00000000e0000000, 0x0000000100000000, 0x0000000100000000)
  eden space 318464K, 100% used [0x00000000e0000000,0x00000000f3700000,0x00000000f3700000)
  from space 102912K, 14% used [0x00000000f3700000,0x00000000f451bf50,0x00000000f9b80000)
  to   space 100352K, 0% used [0x00000000f9e00000,0x00000000f9e00000,0x0000000100000000)
 ParOldGen       total 164352K, used 60224K [0x00000000a0000000, 0x00000000aa080000, 0x00000000e0000000)
  object space 164352K, 36% used [0x00000000a0000000,0x00000000a3ad02c8,0x00000000aa080000)
 Metaspace       used 94461K, capacity 99920K, committed 102656K, reserved 1138688K
  class space    used 11648K, capacity 12644K, committed 13312K, reserved 1048576K
Event: 8072.127 GC heap after
Heap after GC invocations=57 (full 5):
 PSYoungGen      total 418816K, used 59178K [0x00000000e0000000, 0x0000000100000000, 0x0000000100000000)
  eden space 318464K, 0% used [0x00000000e0000000,0x00000000e0000000,0x00000000f3700000)
  from space 100352K, 58% used [0x00000000f9e00000,0x00000000fd7caa18,0x0000000100000000)
  to   space 102912K, 0% used [0x00000000f3700000,0x00000000f3700000,0x00000000f9b80000)
 ParOldGen       total 164352K, used 60232K [0x00000000a0000000, 0x00000000aa080000, 0x00000000e0000000)
  object space 164352K, 36% used [0x00000000a0000000,0x00000000a3ad22c8,0x00000000aa080000)
 Metaspace       used 94461K, capacity 99920K, committed 102656K, reserved 1138688K
  class space    used 11648K, capacity 12644K, committed 13312K, reserved 1048576K
}
Event: 8966.594 GC heap before
{Heap before GC invocations=58 (full 5):
 PSYoungGen      total 418816K, used 377642K [0x00000000e0000000, 0x0000000100000000, 0x0000000100000000)
  eden space 318464K, 100% used [0x00000000e0000000,0x00000000f3700000,0x00000000f3700000)
  from space 100352K, 58% used [0x00000000f9e00000,0x00000000fd7caa18,0x0000000100000000)
  to   space 102912K, 0% used [0x00000000f3700000,0x00000000f3700000,0x00000000f9b80000)
 ParOldGen       total 164352K, used 60232K [0x00000000a0000000, 0x00000000aa080000, 0x00000000e0000000)
  object space 164352K, 36% used [0x00000000a0000000,0x00000000a3ad22c8,0x00000000aa080000)
 Metaspace       used 94602K, capacity 100110K, committed 102656K, reserved 1138688K
  class space    used 11664K, capacity 12675K, committed 13312K, reserved 1048576K

